<?xml version="1.0" encoding="UTF-8"?>
<testng-results ignored="0" total="1" passed="1" failed="0" skipped="0">
  <reporter-output>
    <line>
      <![CDATA[suite execution starts:Fri Sep 27 17:30:27 IST 2024]]>
    </line>
    <line>
      <![CDATA[verifyLoginforIndividualscript execution startsFri Sep 27 17:30:31 IST 2024]]>
    </line>
    <line>
      <![CDATA[verifyLoginforIndividualscript is passsed]]>
    </line>
    <line>
      <![CDATA[take screenshot succesfully]]>
    </line>
  </reporter-output>
  <suite started-at="2024-09-27T17:30:27 IST" name="Suite" finished-at="2024-09-27T17:30:42 IST" duration-ms="14363">
    <groups>
    </groups>
    <test started-at="2024-09-27T17:30:27 IST" name="LoginTest" finished-at="2024-09-27T17:30:42 IST" duration-ms="14363">
      <class name="TestClass.LoginTest">
        <test-method is-config="true" signature="launchbrowser()[pri:0, instance:TestClass.LoginTest@35ef1869]" started-at="2024-09-27T17:30:27 IST" name="launchbrowser" finished-at="2024-09-27T17:30:31 IST" duration-ms="3690" status="PASS">
          <reporter-output>
          </reporter-output>
        </test-method> <!-- launchbrowser -->
        <test-method is-config="true" signature="initialize()[pri:0, instance:TestClass.LoginTest@35ef1869]" started-at="2024-09-27T17:30:31 IST" name="initialize" finished-at="2024-09-27T17:30:31 IST" duration-ms="244" status="PASS">
          <reporter-output>
          </reporter-output>
        </test-method> <!-- initialize -->
        <test-method signature="verifyLoginforIndividual()[pri:0, instance:TestClass.LoginTest@35ef1869]" started-at="2024-09-27T17:30:31 IST" name="verifyLoginforIndividual" finished-at="2024-09-27T17:30:41 IST" duration-ms="9539" status="PASS">
          <reporter-output>
            <line>
              <![CDATA[verifyLoginforIndividualscript execution startsFri Sep 27 17:30:31 IST 2024]]>
            </line>
            <line>
              <![CDATA[verifyLoginforIndividualscript is passsed]]>
            </line>
          </reporter-output>
        </test-method> <!-- verifyLoginforIndividual -->
        <test-method is-config="true" signature="finish(org.testng.ITestResult)[pri:0, instance:TestClass.LoginTest@35ef1869]" started-at="2024-09-27T17:30:41 IST" name="finish" finished-at="2024-09-27T17:30:42 IST" duration-ms="804" status="PASS">
          <params>
            <param index="0">
              <value>
                <![CDATA[[TestResult name=verifyLoginforIndividual status=SUCCESS method=LoginTest.verifyLoginforIndividual()[pri:0, instance:TestClass.LoginTest@35ef1869] output=verifyLoginforIndividualscript execution startsFri Sep 27 17:30:31 IST 2024]]]>
              </value>
            </param>
          </params>
          <reporter-output>
            <line>
              <![CDATA[take screenshot succesfully]]>
            </line>
          </reporter-output>
        </test-method> <!-- finish -->
      </class> <!-- TestClass.LoginTest -->
    </test> <!-- LoginTest -->
  </suite> <!-- Suite -->
</testng-results>
